<?xml version="1.0" encoding="UTF-8"?>
<!-- Generated by org.testng.reporters.JUnitReportReporter -->
<testsuite hostname="DESKTOP-2FNFCHB" failures="0" tests="1" name="com.titrate.testCases.TC_001_VerifyLogin" time="5.311" errors="0" timestamp="2024-07-18T14:42:03 IST" skipped="0">
  <testcase classname="com.titrate.testCases.TC_001_VerifyLogin" name="login" time="5.311"/>
  <system-out/>
</testsuite> <!-- com.titrate.testCases.TC_001_VerifyLogin -->
